Analysis & Elaboration report for alu
Mon Apr 22 08:19:25 2024
Quartus Prime Version 20.1.0 Build 711 06/05/2020 SJ Lite Edition


---------------------
; Table of Contents ;
---------------------
  1. Legal Notice
  2. Analysis & Elaboration Summary
  3. Parallel Compilation
  4. Parameter Settings for User Entity Instance: ProgramMemory:program_memory
  5. Analysis & Elaboration Settings
  6. Port Connectivity Checks: "alu:alu_unit|multiplier_32bit:muler"
  7. Port Connectivity Checks: "alu:alu_unit|rsbs_32bit:rsber|full_adder:subtractor"
  8. Port Connectivity Checks: "alu:alu_unit|rsbs_32bit:rsber|complement_to_two:negation"
  9. Port Connectivity Checks: "alu:alu_unit"
 10. Port Connectivity Checks: "ProgramMemory:program_memory"
 11. Port Connectivity Checks: "ProgramCounter:pc"
 12. Analysis & Elaboration Messages
 13. Analysis & Elaboration Suppressed Messages



----------------
; Legal Notice ;
----------------
Copyright (C) 2020  Intel Corporation. All rights reserved.
Your use of Intel Corporation's design tools, logic functions 
and other software and tools, and any partner logic 
functions, and any output files from any of the foregoing 
(including device programming or simulation files), and any 
associated documentation or information are expressly subject 
to the terms and conditions of the Intel Program License 
Subscription Agreement, the Intel Quartus Prime License Agreement,
the Intel FPGA IP License Agreement, or other applicable license
agreement, including, without limitation, that your use is for
the sole purpose of programming logic devices manufactured by
Intel and sold by Intel or its authorized distributors.  Please
refer to the applicable agreement for further details, at
https://fpgasoftware.intel.com/eula.



+----------------------------------------------------------------------------------+
; Analysis & Elaboration Summary                                                   ;
+------------------------------------+---------------------------------------------+
; Analysis & Elaboration Status      ; Successful - Mon Apr 22 08:19:24 2024       ;
; Quartus Prime Version              ; 20.1.0 Build 711 06/05/2020 SJ Lite Edition ;
; Revision Name                      ; alu                                         ;
; Top-level Entity Name              ; CPU                                         ;
; Family                             ; MAX 10                                      ;
; Total logic elements               ; N/A until Partition Merge                   ;
;     Total combinational functions  ; N/A until Partition Merge                   ;
;     Dedicated logic registers      ; N/A until Partition Merge                   ;
; Total registers                    ; N/A until Partition Merge                   ;
; Total pins                         ; N/A until Partition Merge                   ;
; Total virtual pins                 ; N/A until Partition Merge                   ;
; Total memory bits                  ; N/A until Partition Merge                   ;
; Embedded Multiplier 9-bit elements ; N/A until Partition Merge                   ;
; Total PLLs                         ; N/A until Partition Merge                   ;
; UFM blocks                         ; N/A until Partition Merge                   ;
; ADC blocks                         ; N/A until Partition Merge                   ;
+------------------------------------+---------------------------------------------+


+------------------------------------------+
; Parallel Compilation                     ;
+----------------------------+-------------+
; Processors                 ; Number      ;
+----------------------------+-------------+
; Number detected on machine ; 12          ;
; Maximum allowed            ; 12          ;
;                            ;             ;
; Average used               ; 1.00        ;
; Maximum used               ; 1           ;
;                            ;             ;
; Usage by Processor         ; % Time Used ;
;     Processor 1            ; 100.0%      ;
+----------------------------+-------------+


+---------------------------------------------------------------------------+
; Parameter Settings for User Entity Instance: ProgramMemory:program_memory ;
+----------------+-------+--------------------------------------------------+
; Parameter Name ; Value ; Type                                             ;
+----------------+-------+--------------------------------------------------+
; MEM_SIZE       ; 256   ; Signed Integer                                   ;
+----------------+-------+--------------------------------------------------+
Note: In order to hide this table in the UI and the text report file, please set the "Show Parameter Settings in Synthesis Report" option in "Analysis and Synthesis Settings -> More Settings" to "Off".


+------------------------------------------------------------------------------------------------------------+
; Analysis & Elaboration Settings                                                                            ;
+------------------------------------------------------------------+--------------------+--------------------+
; Option                                                           ; Setting            ; Default Value      ;
+------------------------------------------------------------------+--------------------+--------------------+
; Device                                                           ; 10M50DAF484C7G     ;                    ;
; Top-level entity name                                            ; CPU                ; alu                ;
; Family name                                                      ; MAX 10             ; Cyclone V          ;
; Use smart compilation                                            ; Off                ; Off                ;
; Enable parallel Assembler and Timing Analyzer during compilation ; On                 ; On                 ;
; Enable compact report table                                      ; Off                ; Off                ;
; Restructure Multiplexers                                         ; Auto               ; Auto               ;
; Create Debugging Nodes for IP Cores                              ; Off                ; Off                ;
; Preserve fewer node names                                        ; On                 ; On                 ;
; Intel FPGA IP Evaluation Mode                                    ; Enable             ; Enable             ;
; Verilog Version                                                  ; Verilog_2001       ; Verilog_2001       ;
; VHDL Version                                                     ; VHDL_1993          ; VHDL_1993          ;
; State Machine Processing                                         ; Auto               ; Auto               ;
; Safe State Machine                                               ; Off                ; Off                ;
; Extract Verilog State Machines                                   ; On                 ; On                 ;
; Extract VHDL State Machines                                      ; On                 ; On                 ;
; Ignore Verilog initial constructs                                ; Off                ; Off                ;
; Iteration limit for constant Verilog loops                       ; 5000               ; 5000               ;
; Iteration limit for non-constant Verilog loops                   ; 250                ; 250                ;
; Add Pass-Through Logic to Inferred RAMs                          ; On                 ; On                 ;
; Infer RAMs from Raw Logic                                        ; On                 ; On                 ;
; Parallel Synthesis                                               ; On                 ; On                 ;
; DSP Block Balancing                                              ; Auto               ; Auto               ;
; NOT Gate Push-Back                                               ; On                 ; On                 ;
; Power-Up Don't Care                                              ; On                 ; On                 ;
; Remove Redundant Logic Cells                                     ; Off                ; Off                ;
; Remove Duplicate Registers                                       ; On                 ; On                 ;
; Ignore CARRY Buffers                                             ; Off                ; Off                ;
; Ignore CASCADE Buffers                                           ; Off                ; Off                ;
; Ignore GLOBAL Buffers                                            ; Off                ; Off                ;
; Ignore ROW GLOBAL Buffers                                        ; Off                ; Off                ;
; Ignore LCELL Buffers                                             ; Off                ; Off                ;
; Ignore SOFT Buffers                                              ; On                 ; On                 ;
; Limit AHDL Integers to 32 Bits                                   ; Off                ; Off                ;
; Optimization Technique                                           ; Balanced           ; Balanced           ;
; Carry Chain Length                                               ; 70                 ; 70                 ;
; Auto Carry Chains                                                ; On                 ; On                 ;
; Auto Open-Drain Pins                                             ; On                 ; On                 ;
; Perform WYSIWYG Primitive Resynthesis                            ; Off                ; Off                ;
; Auto ROM Replacement                                             ; On                 ; On                 ;
; Auto RAM Replacement                                             ; On                 ; On                 ;
; Auto DSP Block Replacement                                       ; On                 ; On                 ;
; Auto Shift Register Replacement                                  ; Auto               ; Auto               ;
; Allow Shift Register Merging across Hierarchies                  ; Auto               ; Auto               ;
; Auto Clock Enable Replacement                                    ; On                 ; On                 ;
; Strict RAM Replacement                                           ; Off                ; Off                ;
; Allow Synchronous Control Signals                                ; On                 ; On                 ;
; Force Use of Synchronous Clear Signals                           ; Off                ; Off                ;
; Auto RAM Block Balancing                                         ; On                 ; On                 ;
; Auto RAM to Logic Cell Conversion                                ; Off                ; Off                ;
; Auto Resource Sharing                                            ; Off                ; Off                ;
; Allow Any RAM Size For Recognition                               ; Off                ; Off                ;
; Allow Any ROM Size For Recognition                               ; Off                ; Off                ;
; Allow Any Shift Register Size For Recognition                    ; Off                ; Off                ;
; Use LogicLock Constraints during Resource Balancing              ; On                 ; On                 ;
; Ignore translate_off and synthesis_off directives                ; Off                ; Off                ;
; Timing-Driven Synthesis                                          ; On                 ; On                 ;
; Report Parameter Settings                                        ; On                 ; On                 ;
; Report Source Assignments                                        ; On                 ; On                 ;
; Report Connectivity Checks                                       ; On                 ; On                 ;
; Ignore Maximum Fan-Out Assignments                               ; Off                ; Off                ;
; Synchronization Register Chain Length                            ; 2                  ; 2                  ;
; Power Optimization During Synthesis                              ; Normal compilation ; Normal compilation ;
; HDL message level                                                ; Level2             ; Level2             ;
; Suppress Register Optimization Related Messages                  ; Off                ; Off                ;
; Number of Removed Registers Reported in Synthesis Report         ; 5000               ; 5000               ;
; Number of Swept Nodes Reported in Synthesis Report               ; 5000               ; 5000               ;
; Number of Inverted Registers Reported in Synthesis Report        ; 100                ; 100                ;
; Clock MUX Protection                                             ; On                 ; On                 ;
; Auto Gated Clock Conversion                                      ; Off                ; Off                ;
; Block Design Naming                                              ; Auto               ; Auto               ;
; SDC constraint protection                                        ; Off                ; Off                ;
; Synthesis Effort                                                 ; Auto               ; Auto               ;
; Shift Register Replacement - Allow Asynchronous Clear Signal     ; On                 ; On                 ;
; Pre-Mapping Resynthesis Optimization                             ; Off                ; Off                ;
; Analysis & Synthesis Message Level                               ; Medium             ; Medium             ;
; Disable Register Merging Across Hierarchies                      ; Auto               ; Auto               ;
; Resource Aware Inference For Block RAM                           ; On                 ; On                 ;
+------------------------------------------------------------------+--------------------+--------------------+


+---------------------------------------------------------------------------------------------------------------------------+
; Port Connectivity Checks: "alu:alu_unit|multiplier_32bit:muler"                                                           ;
+-----------------+--------+----------+-------------------------------------------------------------------------------------+
; Port            ; Type   ; Severity ; Details                                                                             ;
+-----------------+--------+----------+-------------------------------------------------------------------------------------+
; product[63..32] ; Output ; Info     ; Connected to dangling logic. Logic that only feeds a dangling port will be removed. ;
+-----------------+--------+----------+-------------------------------------------------------------------------------------+


+---------------------------------------------------------------------------------------------------------------------------------------------------------------------------------------------------------------+
; Port Connectivity Checks: "alu:alu_unit|rsbs_32bit:rsber|full_adder:subtractor"                                                                                                                               ;
+------+--------+----------+------------------------------------------------------------------------------------------------------------------------------------------------------------------------------------+
; Port ; Type   ; Severity ; Details                                                                                                                                                                            ;
+------+--------+----------+------------------------------------------------------------------------------------------------------------------------------------------------------------------------------------+
; a    ; Input  ; Warning  ; Input port expression (32 bits) is wider than the input port (1 bits) it drives.  The 31 most-significant bit(s) in the expression will be dangling if they have no other fanouts. ;
; b    ; Input  ; Warning  ; Input port expression (32 bits) is wider than the input port (1 bits) it drives.  The 31 most-significant bit(s) in the expression will be dangling if they have no other fanouts. ;
; cin  ; Input  ; Info     ; Stuck at GND                                                                                                                                                                       ;
; sum  ; Output ; Warning  ; Output or bidir port (1 bits) is smaller than the port expression (32 bits) it drives.  The 31 most-significant bit(s) in the port expression will be connected to GND.            ;
; cout ; Output ; Info     ; Explicitly unconnected                                                                                                                                                             ;
+------+--------+----------+------------------------------------------------------------------------------------------------------------------------------------------------------------------------------------+


+----------------------------------------------------------------------------------------------------------------------+
; Port Connectivity Checks: "alu:alu_unit|rsbs_32bit:rsber|complement_to_two:negation"                                 ;
+------------+--------+----------+-------------------------------------------------------------------------------------+
; Port       ; Type   ; Severity ; Details                                                                             ;
+------------+--------+----------+-------------------------------------------------------------------------------------+
; out[31..1] ; Output ; Info     ; Connected to dangling logic. Logic that only feeds a dangling port will be removed. ;
+------------+--------+----------+-------------------------------------------------------------------------------------+


+---------------------------------------------------------------------------------------------------------------------+
; Port Connectivity Checks: "alu:alu_unit"                                                                            ;
+-----------+--------+----------+-------------------------------------------------------------------------------------+
; Port      ; Type   ; Severity ; Details                                                                             ;
+-----------+--------+----------+-------------------------------------------------------------------------------------+
; b[31..16] ; Input  ; Info     ; Stuck at GND                                                                        ;
; cin       ; Input  ; Info     ; Stuck at GND                                                                        ;
; cout      ; Output ; Info     ; Connected to dangling logic. Logic that only feeds a dangling port will be removed. ;
+-----------+--------+----------+-------------------------------------------------------------------------------------+


+----------------------------------------------------------------------------------------------------------------------------------------------------------------------------------------------------------------------------+
; Port Connectivity Checks: "ProgramMemory:program_memory"                                                                                                                                                                   ;
+-------------------+--------+----------+------------------------------------------------------------------------------------------------------------------------------------------------------------------------------------+
; Port              ; Type   ; Severity ; Details                                                                                                                                                                            ;
+-------------------+--------+----------+------------------------------------------------------------------------------------------------------------------------------------------------------------------------------------+
; address           ; Input  ; Warning  ; Input port expression (32 bits) is wider than the input port (8 bits) it drives.  The 24 most-significant bit(s) in the expression will be dangling if they have no other fanouts. ;
; write_data        ; Input  ; Info     ; Stuck at GND                                                                                                                                                                       ;
; read_data[27..16] ; Output ; Info     ; Connected to dangling logic. Logic that only feeds a dangling port will be removed.                                                                                                ;
+-------------------+--------+----------+------------------------------------------------------------------------------------------------------------------------------------------------------------------------------------+


+----------------------------------------------------------------------------------------------------------------------------------------------------------------------------+
; Port Connectivity Checks: "ProgramCounter:pc"                                                                                                                              ;
+----------+-------+----------+----------------------------------------------------------------------------------------------------------------------------------------------+
; Port     ; Type  ; Severity ; Details                                                                                                                                      ;
+----------+-------+----------+----------------------------------------------------------------------------------------------------------------------------------------------+
; enable   ; Input ; Info     ; Stuck at VCC                                                                                                                                 ;
; jump     ; Input ; Warning  ; Declared by entity but not connected by instance. If a default value exists, it will be used.  Otherwise, the port will be connected to GND. ;
; jumpAddr ; Input ; Warning  ; Declared by entity but not connected by instance. If a default value exists, it will be used.  Otherwise, the port will be connected to GND. ;
+----------+-------+----------+----------------------------------------------------------------------------------------------------------------------------------------------+


+---------------------------------+
; Analysis & Elaboration Messages ;
+---------------------------------+
Info: *******************************************************************
Info: Running Quartus Prime Analysis & Elaboration
    Info: Version 20.1.0 Build 711 06/05/2020 SJ Lite Edition
    Info: Processing started: Mon Apr 22 08:19:13 2024
Info: Command: quartus_map --read_settings_files=on --write_settings_files=off alu -c alu --analysis_and_elaboration
Warning (18236): Number of processors has not been specified which may cause overloading on shared machines.  Set the global assignment NUM_PARALLEL_PROCESSORS in your QSF to an appropriate value for best performance.
Info (20030): Parallel compilation is enabled and will use 12 of the 12 processors detected
Info (12021): Found 1 design units, including 1 entities, in source file add_with_carry_32bit.v
    Info (12023): Found entity 1: add_with_carry_32bit File: C:/Users/artur/OneDrive/Desktop/ALU/add_with_carry_32bit.v Line: 1
Info (12021): Found 1 design units, including 1 entities, in source file full_adder.v
    Info (12023): Found entity 1: full_adder File: C:/Users/artur/OneDrive/Desktop/ALU/full_adder.v Line: 1
Info (12021): Found 1 design units, including 1 entities, in source file add_32bit.v
    Info (12023): Found entity 1: add_32bit File: C:/Users/artur/OneDrive/Desktop/ALU/add_32bit.v Line: 1
Info (12021): Found 1 design units, including 1 entities, in source file and_gate.v
    Info (12023): Found entity 1: and_gate File: C:/Users/artur/OneDrive/Desktop/ALU/and_gate.v Line: 1
Info (12021): Found 1 design units, including 1 entities, in source file ands_32bit.v
    Info (12023): Found entity 1: ands_32bit File: C:/Users/artur/OneDrive/Desktop/ALU/ands_32bit.v Line: 1
Info (12021): Found 1 design units, including 1 entities, in source file bit_compare.v
    Info (12023): Found entity 1: bit_compare File: C:/Users/artur/OneDrive/Desktop/ALU/bit_compare.v Line: 1
Info (12021): Found 1 design units, including 1 entities, in source file cmp_32bit.v
    Info (12023): Found entity 1: cmp_32bit File: C:/Users/artur/OneDrive/Desktop/ALU/cmp_32bit.v Line: 1
Info (12021): Found 1 design units, including 1 entities, in source file multiplier_32bit.v
    Info (12023): Found entity 1: multiplier_32bit File: C:/Users/artur/OneDrive/Desktop/ALU/multiplier_32bit.v Line: 1
Info (12021): Found 1 design units, including 1 entities, in source file or_gate.v
    Info (12023): Found entity 1: or_gate File: C:/Users/artur/OneDrive/Desktop/ALU/or_gate.v Line: 1
Info (12021): Found 1 design units, including 1 entities, in source file orrs_32bit.v
    Info (12023): Found entity 1: orrs_32bit File: C:/Users/artur/OneDrive/Desktop/ALU/orrs_32bit.v Line: 1
Info (12021): Found 1 design units, including 1 entities, in source file complement_to_two.v
    Info (12023): Found entity 1: complement_to_two File: C:/Users/artur/OneDrive/Desktop/ALU/complement_to_two.v Line: 1
Info (12021): Found 1 design units, including 1 entities, in source file rsbs_32bit.v
    Info (12023): Found entity 1: rsbs_32bit File: C:/Users/artur/OneDrive/Desktop/ALU/rsbs_32bit.v Line: 1
Info (12021): Found 1 design units, including 1 entities, in source file full_subtractor.v
    Info (12023): Found entity 1: full_subtractor File: C:/Users/artur/OneDrive/Desktop/ALU/full_subtractor.v Line: 1
Info (12021): Found 1 design units, including 1 entities, in source file subtractor_32bit.v
    Info (12023): Found entity 1: subtractor_32bit File: C:/Users/artur/OneDrive/Desktop/ALU/subtractor_32bit.v Line: 1
Info (12021): Found 1 design units, including 1 entities, in source file sub_32bit.v
    Info (12023): Found entity 1: sub_32bit File: C:/Users/artur/OneDrive/Desktop/ALU/sub_32bit.v Line: 1
Info (12021): Found 1 design units, including 1 entities, in source file alu.v
    Info (12023): Found entity 1: alu File: C:/Users/artur/OneDrive/Desktop/ALU/alu.v Line: 1
Info (12021): Found 1 design units, including 1 entities, in source file aluu.v
    Info (12023): Found entity 1: ALUU File: C:/Users/artur/OneDrive/Desktop/ALU/ALUU.v Line: 2
Info (12021): Found 1 design units, including 1 entities, in source file tb_alu.v
    Info (12023): Found entity 1: tb_ALU File: C:/Users/artur/OneDrive/Desktop/ALU/tb_ALU.v Line: 3
Info (12021): Found 1 design units, including 1 entities, in source file programcounter.v
    Info (12023): Found entity 1: ProgramCounter File: C:/Users/artur/OneDrive/Desktop/ALU/ProgramCounter.v Line: 1
Info (12021): Found 1 design units, including 1 entities, in source file programmemory.v
    Info (12023): Found entity 1: ProgramMemory File: C:/Users/artur/OneDrive/Desktop/ALU/ProgramMemory.v Line: 1
Info (12021): Found 1 design units, including 1 entities, in source file cpu.v
    Info (12023): Found entity 1: CPU File: C:/Users/artur/OneDrive/Desktop/ALU/CPU.v Line: 1
Info (12021): Found 1 design units, including 1 entities, in source file tb_add_with_carry_32bit.v
    Info (12023): Found entity 1: tb_add_with_carry_32bit File: C:/Users/artur/OneDrive/Desktop/ALU/tb_add_with_carry_32bit.v Line: 2
Info (12021): Found 1 design units, including 1 entities, in source file and_gate_tb.v
    Info (12023): Found entity 1: and_gate_tb File: C:/Users/artur/OneDrive/Desktop/ALU/and_gate_tb.v Line: 3
Info (12021): Found 1 design units, including 1 entities, in source file orrs_32bit_tb.v
    Info (12023): Found entity 1: orrs_32bit_tb File: C:/Users/artur/OneDrive/Desktop/ALU/orrs_32bit_tb.v Line: 3
Info (12021): Found 1 design units, including 1 entities, in source file rsbs_32bit_tb.v
    Info (12023): Found entity 1: rsbs_32bit_tb File: C:/Users/artur/OneDrive/Desktop/ALU/rsbs_32bit_tb.v Line: 3
Info (12021): Found 1 design units, including 1 entities, in source file testbench_subtractor_32bit.v
    Info (12023): Found entity 1: testbench_subtractor_32bit File: C:/Users/artur/OneDrive/Desktop/ALU/testbench_subtractor_32bit.v Line: 3
Info (12021): Found 1 design units, including 1 entities, in source file testbench_multiplier_32bit.v
    Info (12023): Found entity 1: testbench_multiplier_32bit File: C:/Users/artur/OneDrive/Desktop/ALU/testbench_multiplier_32bit.v Line: 3
Info (12021): Found 1 design units, including 1 entities, in source file testbench_programcounter.v
    Info (12023): Found entity 1: testbench_ProgramCounter File: C:/Users/artur/OneDrive/Desktop/ALU/testbench_ProgramCounter.v Line: 3
Info (12021): Found 1 design units, including 1 entities, in source file testbench_programmemory.v
    Info (12023): Found entity 1: testbench_ProgramMemory File: C:/Users/artur/OneDrive/Desktop/ALU/testbench_ProgramMemory.v Line: 3
Info (12021): Found 1 design units, including 1 entities, in source file testbench_cpu.v
    Info (12023): Found entity 1: testbench_CPU File: C:/Users/artur/OneDrive/Desktop/ALU/testbench_CPU.v Line: 3
Warning (10236): Verilog HDL Implicit Net warning at CPU.v(33): created implicit net for "mem_write" File: C:/Users/artur/OneDrive/Desktop/ALU/CPU.v Line: 33
Warning (10236): Verilog HDL Implicit Net warning at CPU.v(34): created implicit net for "mem_read" File: C:/Users/artur/OneDrive/Desktop/ALU/CPU.v Line: 34
Info (12127): Elaborating entity "CPU" for the top level hierarchy
Warning (10036): Verilog HDL or VHDL warning at CPU.v(12): object "jumpAddress" assigned a value but never read File: C:/Users/artur/OneDrive/Desktop/ALU/CPU.v Line: 12
Warning (10036): Verilog HDL or VHDL warning at CPU.v(13): object "isJump" assigned a value but never read File: C:/Users/artur/OneDrive/Desktop/ALU/CPU.v Line: 13
Info (12128): Elaborating entity "ProgramCounter" for hierarchy "ProgramCounter:pc" File: C:/Users/artur/OneDrive/Desktop/ALU/CPU.v Line: 26
Info (12128): Elaborating entity "ProgramMemory" for hierarchy "ProgramMemory:program_memory" File: C:/Users/artur/OneDrive/Desktop/ALU/CPU.v Line: 36
Info (12128): Elaborating entity "alu" for hierarchy "alu:alu_unit" File: C:/Users/artur/OneDrive/Desktop/ALU/CPU.v Line: 58
Warning (10240): Verilog HDL Always Construct warning at alu.v(26): inferring latch(es) for variable "cout", which holds its previous value in one or more paths through the always construct File: C:/Users/artur/OneDrive/Desktop/ALU/alu.v Line: 26
Info (10041): Inferred latch for "cout" at alu.v(26) File: C:/Users/artur/OneDrive/Desktop/ALU/alu.v Line: 26
Info (12128): Elaborating entity "add_with_carry_32bit" for hierarchy "alu:alu_unit|add_with_carry_32bit:adder" File: C:/Users/artur/OneDrive/Desktop/ALU/alu.v Line: 17
Info (12128): Elaborating entity "full_adder" for hierarchy "alu:alu_unit|add_with_carry_32bit:adder|full_adder:fa0" File: C:/Users/artur/OneDrive/Desktop/ALU/add_with_carry_32bit.v Line: 11
Info (12128): Elaborating entity "ands_32bit" for hierarchy "alu:alu_unit|ands_32bit:ander" File: C:/Users/artur/OneDrive/Desktop/ALU/alu.v Line: 18
Info (12128): Elaborating entity "and_gate" for hierarchy "alu:alu_unit|ands_32bit:ander|and_gate:and_loop[0].ag" File: C:/Users/artur/OneDrive/Desktop/ALU/ands_32bit.v Line: 9
Info (12128): Elaborating entity "orrs_32bit" for hierarchy "alu:alu_unit|orrs_32bit:orer" File: C:/Users/artur/OneDrive/Desktop/ALU/alu.v Line: 19
Info (12128): Elaborating entity "or_gate" for hierarchy "alu:alu_unit|orrs_32bit:orer|or_gate:or_loop[0].og" File: C:/Users/artur/OneDrive/Desktop/ALU/orrs_32bit.v Line: 9
Info (12128): Elaborating entity "rsbs_32bit" for hierarchy "alu:alu_unit|rsbs_32bit:rsber" File: C:/Users/artur/OneDrive/Desktop/ALU/alu.v Line: 20
Info (12128): Elaborating entity "complement_to_two" for hierarchy "alu:alu_unit|rsbs_32bit:rsber|complement_to_two:negation" File: C:/Users/artur/OneDrive/Desktop/ALU/rsbs_32bit.v Line: 7
Info (12128): Elaborating entity "subtractor_32bit" for hierarchy "alu:alu_unit|subtractor_32bit:subber" File: C:/Users/artur/OneDrive/Desktop/ALU/alu.v Line: 21
Info (12128): Elaborating entity "full_subtractor" for hierarchy "alu:alu_unit|subtractor_32bit:subber|full_subtractor:fs0" File: C:/Users/artur/OneDrive/Desktop/ALU/subtractor_32bit.v Line: 9
Info (12128): Elaborating entity "multiplier_32bit" for hierarchy "alu:alu_unit|multiplier_32bit:muler" File: C:/Users/artur/OneDrive/Desktop/ALU/alu.v Line: 22
Warning (10240): Verilog HDL Always Construct warning at multiplier_32bit.v(10): inferring latch(es) for variable "adder_output", which holds its previous value in one or more paths through the always construct File: C:/Users/artur/OneDrive/Desktop/ALU/multiplier_32bit.v Line: 10
Warning (12241): 3 hierarchies have connectivity warnings - see the Connectivity Checks report folder
Info (144001): Generated suppressed messages file C:/Users/artur/OneDrive/Desktop/ALU/output_files/alu.map.smsg
Info: Quartus Prime Analysis & Elaboration was successful. 0 errors, 8 warnings
    Info: Peak virtual memory: 4715 megabytes
    Info: Processing ended: Mon Apr 22 08:19:25 2024
    Info: Elapsed time: 00:00:12
    Info: Total CPU time (on all processors): 00:00:12


+--------------------------------------------+
; Analysis & Elaboration Suppressed Messages ;
+--------------------------------------------+
The suppressed messages can be found in C:/Users/artur/OneDrive/Desktop/ALU/output_files/alu.map.smsg.


